<?xml version="1.0" encoding="UTF-8"?>
<testsuite name="com.sjkim.study.domain.posts.PostsRepositoryTest" tests="2" skipped="0" failures="0" errors="0" timestamp="2022-05-31T08:21:18" hostname="sjkim" time="0.192">
  <properties/>
  <testcase name="load_post_save" classname="com.sjkim.study.domain.posts.PostsRepositoryTest" time="0.184"/>
  <testcase name="baseTimeEntity_registration" classname="com.sjkim.study.domain.posts.PostsRepositoryTest" time="0.008"/>
  <system-out><![CDATA[2022-05-31 17:21:15.206  INFO 22636 --- [    Test worker] .b.t.c.SpringBootTestContextBootstrapper : Neither @ContextConfiguration nor @ContextHierarchy found for test class [com.sjkim.study.domain.posts.PostsRepositoryTest], using SpringBootContextLoader
2022-05-31 17:21:15.207  INFO 22636 --- [    Test worker] o.s.t.c.support.AbstractContextLoader    : Could not detect default resource locations for test class [com.sjkim.study.domain.posts.PostsRepositoryTest]: no resource found for suffixes {-context.xml, Context.groovy}.
2022-05-31 17:21:15.207  INFO 22636 --- [    Test worker] t.c.s.AnnotationConfigContextLoaderUtils : Could not detect default configuration classes for test class [com.sjkim.study.domain.posts.PostsRepositoryTest]: PostsRepositoryTest does not declare any static, non-private, non-final, nested classes annotated with @Configuration.
2022-05-31 17:21:15.214  INFO 22636 --- [    Test worker] .b.t.c.SpringBootTestContextBootstrapper : Found @SpringBootConfiguration com.sjkim.study.Application for test class com.sjkim.study.domain.posts.PostsRepositoryTest
2022-05-31 17:21:15.217  INFO 22636 --- [    Test worker] .b.t.c.SpringBootTestContextBootstrapper : Loaded default TestExecutionListener class names from location [META-INF/spring.factories]: [org.springframework.security.test.context.support.WithSecurityContextTestExecutionListener, org.springframework.security.test.context.support.ReactorContextTestExecutionListener, org.springframework.boot.test.autoconfigure.restdocs.RestDocsTestExecutionListener, org.springframework.boot.test.autoconfigure.web.client.MockRestServiceServerResetTestExecutionListener, org.springframework.boot.test.autoconfigure.web.servlet.MockMvcPrintOnlyOnFailureTestExecutionListener, org.springframework.boot.test.autoconfigure.web.servlet.WebDriverTestExecutionListener, org.springframework.boot.test.mock.mockito.MockitoTestExecutionListener, org.springframework.boot.test.mock.mockito.ResetMocksTestExecutionListener, org.springframework.test.context.web.ServletTestExecutionListener, org.springframework.test.context.support.DirtiesContextBeforeModesTestExecutionListener, org.springframework.test.context.support.DependencyInjectionTestExecutionListener, org.springframework.test.context.support.DirtiesContextTestExecutionListener, org.springframework.test.context.transaction.TransactionalTestExecutionListener, org.springframework.test.context.jdbc.SqlScriptsTestExecutionListener]
2022-05-31 17:21:15.218  INFO 22636 --- [    Test worker] .b.t.c.SpringBootTestContextBootstrapper : Using TestExecutionListeners: [org.springframework.test.context.web.ServletTestExecutionListener@5ec1db0a, org.springframework.test.context.support.DirtiesContextBeforeModesTestExecutionListener@761a0e5d, org.springframework.boot.test.mock.mockito.MockitoTestExecutionListener@6ce5de38, org.springframework.boot.test.autoconfigure.SpringBootDependencyInjectionTestExecutionListener@6cfdc944, org.springframework.test.context.support.DirtiesContextTestExecutionListener@3cb4565a, org.springframework.test.context.transaction.TransactionalTestExecutionListener@1a7adf77, org.springframework.test.context.jdbc.SqlScriptsTestExecutionListener@582cc61e, org.springframework.security.test.context.support.WithSecurityContextTestExecutionListener@5a1983b6, org.springframework.security.test.context.support.ReactorContextTestExecutionListener@44810829, org.springframework.boot.test.autoconfigure.restdocs.RestDocsTestExecutionListener@84cf6a9, org.springframework.boot.test.autoconfigure.web.client.MockRestServiceServerResetTestExecutionListener@36eecd88, org.springframework.boot.test.autoconfigure.web.servlet.MockMvcPrintOnlyOnFailureTestExecutionListener@207cfcd0, org.springframework.boot.test.autoconfigure.web.servlet.WebDriverTestExecutionListener@6c7068b6, org.springframework.boot.test.mock.mockito.ResetMocksTestExecutionListener@366222f]

  .   ____          _            __ _ _
 /\\ / ___'_ __ _ _(_)_ __  __ _ \ \ \ \
( ( )\___ | '_ | '_| | '_ \/ _` | \ \ \ \
 \\/  ___)| |_)| | | | | || (_| |  ) ) ) )
  '  |____| .__|_| |_|_| |_\__, | / / / /
 =========|_|==============|___/=/_/_/_/
 :: Spring Boot ::        (v2.1.7.RELEASE)

2022-05-31 17:21:15.239  INFO 22636 --- [    Test worker] c.s.s.domain.posts.PostsRepositoryTest   : Starting PostsRepositoryTest on sjkim with PID 22636 (started by 김성준 in D:\spring_study\study)
2022-05-31 17:21:15.239  INFO 22636 --- [    Test worker] c.s.s.domain.posts.PostsRepositoryTest   : No active profile set, falling back to default profiles: default
2022-05-31 17:21:15.583  INFO 22636 --- [    Test worker] .s.d.r.c.RepositoryConfigurationDelegate : Bootstrapping Spring Data repositories in DEFAULT mode.
2022-05-31 17:21:15.639  INFO 22636 --- [    Test worker] .s.d.r.c.RepositoryConfigurationDelegate : Finished Spring Data repository scanning in 49ms. Found 2 repository interfaces.
2022-05-31 17:21:15.879  INFO 22636 --- [    Test worker] trationDelegate$BeanPostProcessorChecker : Bean 'org.springframework.transaction.annotation.ProxyTransactionManagementConfiguration' of type [org.springframework.transaction.annotation.ProxyTransactionManagementConfiguration$$EnhancerBySpringCGLIB$$ce1bcefe] is not eligible for getting processed by all BeanPostProcessors (for example: not eligible for auto-proxying)
2022-05-31 17:21:16.037  INFO 22636 --- [    Test worker] com.zaxxer.hikari.HikariDataSource       : HikariPool-1 - Starting...
2022-05-31 17:21:16.225  INFO 22636 --- [    Test worker] com.zaxxer.hikari.HikariDataSource       : HikariPool-1 - Start completed.
2022-05-31 17:21:16.309  INFO 22636 --- [    Test worker] o.hibernate.jpa.internal.util.LogHelper  : HHH000204: Processing PersistenceUnitInfo [
	name: default
	...]
2022-05-31 17:21:16.390  INFO 22636 --- [    Test worker] org.hibernate.Version                    : HHH000412: Hibernate Core {5.3.10.Final}
2022-05-31 17:21:16.392  INFO 22636 --- [    Test worker] org.hibernate.cfg.Environment            : HHH000206: hibernate.properties not found
2022-05-31 17:21:16.447  INFO 22636 --- [    Test worker] o.hibernate.annotations.common.Version   : HCANN000001: Hibernate Commons Annotations {5.0.4.Final}
2022-05-31 17:21:16.603  INFO 22636 --- [    Test worker] org.hibernate.dialect.Dialect            : HHH000400: Using dialect: org.hibernate.dialect.MySQL5InnoDBDialect
Hibernate: drop table if exists posts
Hibernate: drop table if exists user
Hibernate: create table posts (id bigint not null auto_increment, created_date datetime, modified_date datetime, author varchar(255), content TEXT not null, title varchar(500) not null, primary key (id)) engine=InnoDB
Hibernate: create table user (id bigint not null auto_increment, created_date datetime, modified_date datetime, email varchar(255) not null, name varchar(255) not null, picture varchar(255), role varchar(255) not null, primary key (id)) engine=InnoDB
2022-05-31 17:21:17.265  INFO 22636 --- [    Test worker] o.h.t.schema.internal.SchemaCreatorImpl  : HHH000476: Executing import script 'org.hibernate.tool.schema.internal.exec.ScriptSourceInputNonExistentImpl@d684419'
2022-05-31 17:21:17.268  INFO 22636 --- [    Test worker] j.LocalContainerEntityManagerFactoryBean : Initialized JPA EntityManagerFactory for persistence unit 'default'
2022-05-31 17:21:17.854  INFO 22636 --- [    Test worker] o.h.h.i.QueryTranslatorFactoryInitiator  : HHH000397: Using ASTQueryTranslatorFactory
2022-05-31 17:21:18.149  INFO 22636 --- [    Test worker] o.s.s.web.DefaultSecurityFilterChain     : Creating filter chain: any request, [org.springframework.security.web.context.request.async.WebAsyncManagerIntegrationFilter@2e6a3b5b, org.springframework.security.web.context.SecurityContextPersistenceFilter@6b6433cb, org.springframework.security.web.header.HeaderWriterFilter@33ed4890, org.springframework.security.web.authentication.logout.LogoutFilter@103f972c, org.springframework.security.oauth2.client.web.OAuth2AuthorizationRequestRedirectFilter@790e5037, org.springframework.security.oauth2.client.web.OAuth2LoginAuthenticationFilter@64163ab, org.springframework.security.web.authentication.ui.DefaultLoginPageGeneratingFilter@5a0f0dcd, org.springframework.security.web.authentication.ui.DefaultLogoutPageGeneratingFilter@559b86e8, org.springframework.security.web.savedrequest.RequestCacheAwareFilter@3d26a186, org.springframework.security.web.servletapi.SecurityContextHolderAwareRequestFilter@6456d77a, org.springframework.security.web.authentication.AnonymousAuthenticationFilter@58caebcb, org.springframework.security.web.session.SessionManagementFilter@60ebd18c, org.springframework.security.web.access.ExceptionTranslationFilter@1c494bba, org.springframework.security.web.access.intercept.FilterSecurityInterceptor@7fd33cf7]
2022-05-31 17:21:18.465  INFO 22636 --- [    Test worker] o.s.s.concurrent.ThreadPoolTaskExecutor  : Initializing ExecutorService 'applicationTaskExecutor'
2022-05-31 17:21:18.480  WARN 22636 --- [    Test worker] aWebConfiguration$JpaWebMvcConfiguration : spring.jpa.open-in-view is enabled by default. Therefore, database queries may be performed during view rendering. Explicitly configure spring.jpa.open-in-view to disable this warning
2022-05-31 17:21:18.507  INFO 22636 --- [    Test worker] o.s.b.a.w.s.WelcomePageHandlerMapping    : Adding welcome page template: index
2022-05-31 17:21:18.911  INFO 22636 --- [    Test worker] s.a.ScheduledAnnotationBeanPostProcessor : No TaskScheduler/ScheduledExecutorService bean found for scheduled processing
2022-05-31 17:21:18.917  INFO 22636 --- [    Test worker] c.s.s.domain.posts.PostsRepositoryTest   : Started PostsRepositoryTest in 3.698 seconds (JVM running for 7.385)
Hibernate: insert into posts (created_date, modified_date, author, content, title) values (?, ?, ?, ?, ?)
Hibernate: select posts0_.id as id1_0_, posts0_.created_date as created_2_0_, posts0_.modified_date as modified3_0_, posts0_.author as author4_0_, posts0_.content as content5_0_, posts0_.title as title6_0_ from posts posts0_
Hibernate: select posts0_.id as id1_0_, posts0_.created_date as created_2_0_, posts0_.modified_date as modified3_0_, posts0_.author as author4_0_, posts0_.content as content5_0_, posts0_.title as title6_0_ from posts posts0_
Hibernate: delete from posts where id=?
Hibernate: insert into posts (created_date, modified_date, author, content, title) values (?, ?, ?, ?, ?)
Hibernate: select posts0_.id as id1_0_, posts0_.created_date as created_2_0_, posts0_.modified_date as modified3_0_, posts0_.author as author4_0_, posts0_.content as content5_0_, posts0_.title as title6_0_ from posts posts0_
>>>>>>>>>>>> createDate=2022-05-31T17:21:19.107, modifiedDate=2022-05-31T17:21:19.107
Hibernate: select posts0_.id as id1_0_, posts0_.created_date as created_2_0_, posts0_.modified_date as modified3_0_, posts0_.author as author4_0_, posts0_.content as content5_0_, posts0_.title as title6_0_ from posts posts0_
Hibernate: delete from posts where id=?
]]></system-out>
  <system-err><![CDATA[]]></system-err>
</testsuite>
