<?xml version="1.0" encoding="UTF-8"?>
<testsuite name="com.sjkim.study.web.HelloControllerTest" tests="2" skipped="0" failures="0" errors="0" timestamp="2022-05-31T08:21:14" hostname="sjkim" time="0.29">
  <properties/>
  <testcase name="return_helloDto" classname="com.sjkim.study.web.HelloControllerTest" time="0.283"/>
  <testcase name="return_hello" classname="com.sjkim.study.web.HelloControllerTest" time="0.006"/>
  <system-out><![CDATA[17:21:12.726 [Test worker] DEBUG org.springframework.test.context.junit4.SpringJUnit4ClassRunner - SpringJUnit4ClassRunner constructor called with [class com.sjkim.study.web.HelloControllerTest]
17:21:12.734 [Test worker] DEBUG org.springframework.test.context.BootstrapUtils - Instantiating CacheAwareContextLoaderDelegate from class [org.springframework.test.context.cache.DefaultCacheAwareContextLoaderDelegate]
17:21:12.740 [Test worker] DEBUG org.springframework.test.context.BootstrapUtils - Instantiating BootstrapContext using constructor [public org.springframework.test.context.support.DefaultBootstrapContext(java.lang.Class,org.springframework.test.context.CacheAwareContextLoaderDelegate)]
17:21:12.754 [Test worker] DEBUG org.springframework.test.context.BootstrapUtils - Instantiating TestContextBootstrapper for test class [com.sjkim.study.web.HelloControllerTest] from class [org.springframework.boot.test.autoconfigure.web.servlet.WebMvcTestContextBootstrapper]
17:21:12.767 [Test worker] INFO org.springframework.boot.test.autoconfigure.web.servlet.WebMvcTestContextBootstrapper - Neither @ContextConfiguration nor @ContextHierarchy found for test class [com.sjkim.study.web.HelloControllerTest], using SpringBootContextLoader
17:21:12.769 [Test worker] DEBUG org.springframework.test.context.support.AbstractContextLoader - Did not detect default resource location for test class [com.sjkim.study.web.HelloControllerTest]: class path resource [com/sjkim/study/web/HelloControllerTest-context.xml] does not exist
17:21:12.769 [Test worker] DEBUG org.springframework.test.context.support.AbstractContextLoader - Did not detect default resource location for test class [com.sjkim.study.web.HelloControllerTest]: class path resource [com/sjkim/study/web/HelloControllerTestContext.groovy] does not exist
17:21:12.769 [Test worker] INFO org.springframework.test.context.support.AbstractContextLoader - Could not detect default resource locations for test class [com.sjkim.study.web.HelloControllerTest]: no resource found for suffixes {-context.xml, Context.groovy}.
17:21:12.769 [Test worker] INFO org.springframework.test.context.support.AnnotationConfigContextLoaderUtils - Could not detect default configuration classes for test class [com.sjkim.study.web.HelloControllerTest]: HelloControllerTest does not declare any static, non-private, non-final, nested classes annotated with @Configuration.
17:21:12.820 [Test worker] DEBUG org.springframework.test.context.support.ActiveProfilesUtils - Could not find an 'annotation declaring class' for annotation type [org.springframework.test.context.ActiveProfiles] and class [com.sjkim.study.web.HelloControllerTest]
17:21:12.874 [Test worker] DEBUG org.springframework.context.annotation.ClassPathScanningCandidateComponentProvider - Identified candidate component class: file [D:\spring_study\study\build\classes\java\main\com\sjkim\study\Application.class]
17:21:12.875 [Test worker] INFO org.springframework.boot.test.context.SpringBootTestContextBootstrapper - Found @SpringBootConfiguration com.sjkim.study.Application for test class com.sjkim.study.web.HelloControllerTest
17:21:12.877 [Test worker] DEBUG org.springframework.boot.test.autoconfigure.web.servlet.WebMvcTestContextBootstrapper - @TestExecutionListeners is not present for class [com.sjkim.study.web.HelloControllerTest]: using defaults.
17:21:12.877 [Test worker] INFO org.springframework.boot.test.autoconfigure.web.servlet.WebMvcTestContextBootstrapper - Loaded default TestExecutionListener class names from location [META-INF/spring.factories]: [org.springframework.security.test.context.support.WithSecurityContextTestExecutionListener, org.springframework.security.test.context.support.ReactorContextTestExecutionListener, org.springframework.boot.test.autoconfigure.restdocs.RestDocsTestExecutionListener, org.springframework.boot.test.autoconfigure.web.client.MockRestServiceServerResetTestExecutionListener, org.springframework.boot.test.autoconfigure.web.servlet.MockMvcPrintOnlyOnFailureTestExecutionListener, org.springframework.boot.test.autoconfigure.web.servlet.WebDriverTestExecutionListener, org.springframework.boot.test.mock.mockito.MockitoTestExecutionListener, org.springframework.boot.test.mock.mockito.ResetMocksTestExecutionListener, org.springframework.test.context.web.ServletTestExecutionListener, org.springframework.test.context.support.DirtiesContextBeforeModesTestExecutionListener, org.springframework.test.context.support.DependencyInjectionTestExecutionListener, org.springframework.test.context.support.DirtiesContextTestExecutionListener, org.springframework.test.context.transaction.TransactionalTestExecutionListener, org.springframework.test.context.jdbc.SqlScriptsTestExecutionListener]
17:21:12.895 [Test worker] INFO org.springframework.boot.test.autoconfigure.web.servlet.WebMvcTestContextBootstrapper - Using TestExecutionListeners: [org.springframework.test.context.web.ServletTestExecutionListener@1e9f12e8, org.springframework.test.context.support.DirtiesContextBeforeModesTestExecutionListener@1b85ed71, org.springframework.boot.test.mock.mockito.MockitoTestExecutionListener@4efae7a9, org.springframework.boot.test.autoconfigure.SpringBootDependencyInjectionTestExecutionListener@260a8979, org.springframework.test.context.support.DirtiesContextTestExecutionListener@40e4d702, org.springframework.test.context.transaction.TransactionalTestExecutionListener@743e440a, org.springframework.test.context.jdbc.SqlScriptsTestExecutionListener@6de0328b, org.springframework.security.test.context.support.WithSecurityContextTestExecutionListener@1fd32f0f, org.springframework.security.test.context.support.ReactorContextTestExecutionListener@7969a730, org.springframework.boot.test.autoconfigure.restdocs.RestDocsTestExecutionListener@7f71a203, org.springframework.boot.test.autoconfigure.web.client.MockRestServiceServerResetTestExecutionListener@13e9b30c, org.springframework.boot.test.autoconfigure.web.servlet.MockMvcPrintOnlyOnFailureTestExecutionListener@15445d29, org.springframework.boot.test.autoconfigure.web.servlet.WebDriverTestExecutionListener@21203896, org.springframework.boot.test.mock.mockito.ResetMocksTestExecutionListener@53b3f70b]
17:21:12.897 [Test worker] DEBUG org.springframework.test.annotation.ProfileValueUtils - Retrieved @ProfileValueSourceConfiguration [null] for test class [com.sjkim.study.web.HelloControllerTest]
17:21:12.898 [Test worker] DEBUG org.springframework.test.annotation.ProfileValueUtils - Retrieved ProfileValueSource type [class org.springframework.test.annotation.SystemProfileValueSource] for class [com.sjkim.study.web.HelloControllerTest]
17:21:12.899 [Test worker] DEBUG org.springframework.test.annotation.ProfileValueUtils - Retrieved @ProfileValueSourceConfiguration [null] for test class [com.sjkim.study.web.HelloControllerTest]
17:21:12.899 [Test worker] DEBUG org.springframework.test.annotation.ProfileValueUtils - Retrieved ProfileValueSource type [class org.springframework.test.annotation.SystemProfileValueSource] for class [com.sjkim.study.web.HelloControllerTest]
17:21:12.902 [Test worker] DEBUG org.springframework.test.context.support.AbstractDirtiesContextTestExecutionListener - Before test class: context [DefaultTestContext@7e7daea1 testClass = HelloControllerTest, testInstance = [null], testMethod = [null], testException = [null], mergedContextConfiguration = [WebMergedContextConfiguration@578d58d6 testClass = HelloControllerTest, locations = '{}', classes = '{class com.sjkim.study.Application}', contextInitializerClasses = '[]', activeProfiles = '{}', propertySourceLocations = '{}', propertySourceProperties = '{org.springframework.boot.test.autoconfigure.web.servlet.WebMvcTestContextBootstrapper=true}', contextCustomizers = set[org.springframework.boot.test.autoconfigure.OverrideAutoConfigurationContextCustomizerFactory$DisableAutoConfigurationContextCustomizer@416e4147, org.springframework.boot.test.autoconfigure.filter.TypeExcludeFiltersContextCustomizer@979d5a06, org.springframework.boot.test.autoconfigure.properties.PropertyMappingContextCustomizer@c9c88468, org.springframework.boot.test.autoconfigure.web.servlet.WebDriverContextCustomizerFactory$Customizer@16b63fc7, [ImportsContextCustomizer@19ab4a48 key = [org.springframework.boot.autoconfigure.cache.CacheAutoConfiguration, org.springframework.boot.autoconfigure.context.MessageSourceAutoConfiguration, org.springframework.boot.autoconfigure.data.web.SpringDataWebAutoConfiguration, org.springframework.boot.autoconfigure.freemarker.FreeMarkerAutoConfiguration, org.springframework.boot.autoconfigure.groovy.template.GroovyTemplateAutoConfiguration, org.springframework.boot.autoconfigure.gson.GsonAutoConfiguration, org.springframework.boot.autoconfigure.hateoas.HypermediaAutoConfiguration, org.springframework.boot.autoconfigure.http.HttpMessageConvertersAutoConfiguration, org.springframework.boot.autoconfigure.jackson.JacksonAutoConfiguration, org.springframework.boot.autoconfigure.jsonb.JsonbAutoConfiguration, org.springframework.boot.autoconfigure.mustache.MustacheAutoConfiguration, org.springframework.boot.autoconfigure.task.TaskExecutionAutoConfiguration, org.springframework.boot.autoconfigure.thymeleaf.ThymeleafAutoConfiguration, org.springframework.boot.autoconfigure.validation.ValidationAutoConfiguration, org.springframework.boot.autoconfigure.web.servlet.error.ErrorMvcAutoConfiguration, org.springframework.boot.autoconfigure.web.servlet.WebMvcAutoConfiguration, org.springframework.boot.test.autoconfigure.web.servlet.MockMvcAutoConfiguration, org.springframework.boot.test.autoconfigure.web.servlet.MockMvcSecurityAutoConfiguration, org.springframework.boot.test.autoconfigure.web.servlet.MockMvcWebClientAutoConfiguration, org.springframework.boot.test.autoconfigure.web.servlet.MockMvcWebDriverAutoConfiguration]], org.springframework.boot.test.context.filter.ExcludeFilterContextCustomizer@1a655a20, org.springframework.boot.test.json.DuplicateJsonObjectContextCustomizerFactory$DuplicateJsonObjectContextCustomizer@a68f3d9, org.springframework.boot.test.mock.mockito.MockitoContextCustomizer@0], resourceBasePath = 'src/main/webapp', contextLoader = 'org.springframework.boot.test.context.SpringBootContextLoader', parent = [null]], attributes = map[[empty]]], class annotated with @DirtiesContext [false] with mode [null].
17:21:12.904 [Test worker] DEBUG org.springframework.test.annotation.ProfileValueUtils - Retrieved @ProfileValueSourceConfiguration [null] for test class [com.sjkim.study.web.HelloControllerTest]
17:21:12.904 [Test worker] DEBUG org.springframework.test.annotation.ProfileValueUtils - Retrieved ProfileValueSource type [class org.springframework.test.annotation.SystemProfileValueSource] for class [com.sjkim.study.web.HelloControllerTest]
17:21:12.907 [Test worker] DEBUG org.springframework.test.context.support.DependencyInjectionTestExecutionListener - Performing dependency injection for test context [[DefaultTestContext@7e7daea1 testClass = HelloControllerTest, testInstance = com.sjkim.study.web.HelloControllerTest@4275e072, testMethod = [null], testException = [null], mergedContextConfiguration = [WebMergedContextConfiguration@578d58d6 testClass = HelloControllerTest, locations = '{}', classes = '{class com.sjkim.study.Application}', contextInitializerClasses = '[]', activeProfiles = '{}', propertySourceLocations = '{}', propertySourceProperties = '{org.springframework.boot.test.autoconfigure.web.servlet.WebMvcTestContextBootstrapper=true}', contextCustomizers = set[org.springframework.boot.test.autoconfigure.OverrideAutoConfigurationContextCustomizerFactory$DisableAutoConfigurationContextCustomizer@416e4147, org.springframework.boot.test.autoconfigure.filter.TypeExcludeFiltersContextCustomizer@979d5a06, org.springframework.boot.test.autoconfigure.properties.PropertyMappingContextCustomizer@c9c88468, org.springframework.boot.test.autoconfigure.web.servlet.WebDriverContextCustomizerFactory$Customizer@16b63fc7, [ImportsContextCustomizer@19ab4a48 key = [org.springframework.boot.autoconfigure.cache.CacheAutoConfiguration, org.springframework.boot.autoconfigure.context.MessageSourceAutoConfiguration, org.springframework.boot.autoconfigure.data.web.SpringDataWebAutoConfiguration, org.springframework.boot.autoconfigure.freemarker.FreeMarkerAutoConfiguration, org.springframework.boot.autoconfigure.groovy.template.GroovyTemplateAutoConfiguration, org.springframework.boot.autoconfigure.gson.GsonAutoConfiguration, org.springframework.boot.autoconfigure.hateoas.HypermediaAutoConfiguration, org.springframework.boot.autoconfigure.http.HttpMessageConvertersAutoConfiguration, org.springframework.boot.autoconfigure.jackson.JacksonAutoConfiguration, org.springframework.boot.autoconfigure.jsonb.JsonbAutoConfiguration, org.springframework.boot.autoconfigure.mustache.MustacheAutoConfiguration, org.springframework.boot.autoconfigure.task.TaskExecutionAutoConfiguration, org.springframework.boot.autoconfigure.thymeleaf.ThymeleafAutoConfiguration, org.springframework.boot.autoconfigure.validation.ValidationAutoConfiguration, org.springframework.boot.autoconfigure.web.servlet.error.ErrorMvcAutoConfiguration, org.springframework.boot.autoconfigure.web.servlet.WebMvcAutoConfiguration, org.springframework.boot.test.autoconfigure.web.servlet.MockMvcAutoConfiguration, org.springframework.boot.test.autoconfigure.web.servlet.MockMvcSecurityAutoConfiguration, org.springframework.boot.test.autoconfigure.web.servlet.MockMvcWebClientAutoConfiguration, org.springframework.boot.test.autoconfigure.web.servlet.MockMvcWebDriverAutoConfiguration]], org.springframework.boot.test.context.filter.ExcludeFilterContextCustomizer@1a655a20, org.springframework.boot.test.json.DuplicateJsonObjectContextCustomizerFactory$DuplicateJsonObjectContextCustomizer@a68f3d9, org.springframework.boot.test.mock.mockito.MockitoContextCustomizer@0], resourceBasePath = 'src/main/webapp', contextLoader = 'org.springframework.boot.test.context.SpringBootContextLoader', parent = [null]], attributes = map[[empty]]]].
17:21:12.996 [Test worker] DEBUG org.springframework.test.context.support.TestPropertySourceUtils - Adding inlined properties to environment: {spring.jmx.enabled=false, org.springframework.boot.test.autoconfigure.web.servlet.WebMvcTestContextBootstrapper=true, server.port=-1}

  .   ____          _            __ _ _
 /\\ / ___'_ __ _ _(_)_ __  __ _ \ \ \ \
( ( )\___ | '_ | '_| | '_ \/ _` | \ \ \ \
 \\/  ___)| |_)| | | | | || (_| |  ) ) ) )
  '  |____| .__|_| |_|_| |_\__, | / / / /
 =========|_|==============|___/=/_/_/_/
 :: Spring Boot ::        (v2.1.7.RELEASE)

2022-05-31 17:21:13.179  INFO 22636 --- [    Test worker] com.sjkim.study.web.HelloControllerTest  : Starting HelloControllerTest on sjkim with PID 22636 (started by 김성준 in D:\spring_study\study)
2022-05-31 17:21:13.182  INFO 22636 --- [    Test worker] com.sjkim.study.web.HelloControllerTest  : No active profile set, falling back to default profiles: default
2022-05-31 17:21:14.269  INFO 22636 --- [    Test worker] o.s.s.concurrent.ThreadPoolTaskExecutor  : Initializing ExecutorService 'applicationTaskExecutor'
2022-05-31 17:21:14.332  INFO 22636 --- [    Test worker] o.s.b.a.w.s.WelcomePageHandlerMapping    : Adding welcome page template: index
2022-05-31 17:21:14.568  INFO 22636 --- [    Test worker] .s.s.UserDetailsServiceAutoConfiguration : 

Using generated security password: c904d659-2fa2-4289-a468-ba365850e1aa

2022-05-31 17:21:14.806  INFO 22636 --- [    Test worker] o.s.s.web.DefaultSecurityFilterChain     : Creating filter chain: any request, [org.springframework.security.web.context.request.async.WebAsyncManagerIntegrationFilter@639c4494, org.springframework.security.web.context.SecurityContextPersistenceFilter@64db4aa6, org.springframework.security.web.header.HeaderWriterFilter@24c50cf4, org.springframework.security.web.csrf.CsrfFilter@2cb8d087, org.springframework.security.web.authentication.logout.LogoutFilter@6930a1be, org.springframework.security.web.authentication.UsernamePasswordAuthenticationFilter@318f80af, org.springframework.security.web.authentication.ui.DefaultLoginPageGeneratingFilter@624d251c, org.springframework.security.web.authentication.ui.DefaultLogoutPageGeneratingFilter@6e00a0f2, org.springframework.security.web.authentication.www.BasicAuthenticationFilter@56ea2464, org.springframework.security.web.savedrequest.RequestCacheAwareFilter@7505a186, org.springframework.security.web.servletapi.SecurityContextHolderAwareRequestFilter@446f52d5, org.springframework.security.web.authentication.AnonymousAuthenticationFilter@3814efbc, org.springframework.security.web.session.SessionManagementFilter@7f7a4275, org.springframework.security.web.access.ExceptionTranslationFilter@25fd479a, org.springframework.security.web.access.intercept.FilterSecurityInterceptor@20b9eae0]
2022-05-31 17:21:14.852  INFO 22636 --- [    Test worker] o.s.b.t.m.w.SpringBootMockServletContext : Initializing Spring TestDispatcherServlet ''
2022-05-31 17:21:14.853  INFO 22636 --- [    Test worker] o.s.t.web.servlet.TestDispatcherServlet  : Initializing Servlet ''
2022-05-31 17:21:14.866  INFO 22636 --- [    Test worker] o.s.t.web.servlet.TestDispatcherServlet  : Completed initialization in 13 ms
2022-05-31 17:21:14.905  INFO 22636 --- [    Test worker] com.sjkim.study.web.HelloControllerTest  : Started HelloControllerTest in 1.903 seconds (JVM running for 3.373)
]]></system-out>
  <system-err><![CDATA[]]></system-err>
</testsuite>
